a  b  c  d  e  f  g  h
1| || || || || || || || |
2| || || || || || || || |
3| || || ||○|| || || || |
4| || || ||○||○|| || || |
5| || || ||○||●|| || || |
6| || || || || || || || |
7| || || || || || || || |
8| || || || || || || || |
validcoords: 3c 3e 5c 
WHITE turn
call negamax() (mode=BLACK, coord=3c, depth=2)
        call negamax() (mode=WHITE, coord=3b, depth=1)
                call negamax() (mode=BLACK, coord=2b, depth=0)
                return negamax() (coord=2b, score=-11)
                call negamax() (mode=BLACK, coord=2d, depth=0)
                return negamax() (coord=2d, score=-1)
                call negamax() (mode=BLACK, coord=3e, depth=0)
                return negamax() (coord=3e, score=1)
                call negamax() (mode=BLACK, coord=4f, depth=0)
                return negamax() (coord=4f, score=1)
                call negamax() (mode=BLACK, coord=5c, depth=0)
                return negamax() (coord=5c, score=1)
                call negamax() (mode=BLACK, coord=6d, depth=0)
                return negamax() (coord=6d, score=1)
        return negamax() (coord=3b, score=-1)
        call negamax() (mode=WHITE, coord=4c, depth=1)
                call negamax() (mode=BLACK, coord=3e, depth=0)
                return negamax() (coord=3e, score=-1)
                call negamax() (mode=BLACK, coord=5c, depth=0)
                return negamax() (coord=5c, score=-1)
        return negamax() (coord=4c, score=1)
        call negamax() (mode=WHITE, coord=5f, depth=1)
                call negamax() (mode=BLACK, coord=2d, depth=0)
                return negamax() (coord=2d, score=-1)
                call negamax() (mode=BLACK, coord=3e, depth=0)
                return negamax() (coord=3e, score=1)
                call negamax() (mode=BLACK, coord=4f, depth=0)
                return negamax() (coord=4f, score=1)
                call negamax() (mode=BLACK, coord=6d, depth=0)
                return negamax() (coord=6d, score=1)
                call negamax() (mode=BLACK, coord=6f, depth=0)
                return negamax() (coord=6f, score=2)
        return negamax() (coord=5f, score=-2)
        call negamax() (mode=WHITE, coord=6e, depth=1)
                call negamax() (mode=BLACK, coord=2d, depth=0)
                return negamax() (coord=2d, score=-1)
                call negamax() (mode=BLACK, coord=3e, depth=0)
                return negamax() (coord=3e, score=1)
                call negamax() (mode=BLACK, coord=4f, depth=0)
                return negamax() (coord=4f, score=1)
                call negamax() (mode=BLACK, coord=6d, depth=0)
                return negamax() (coord=6d, score=1)
                call negamax() (mode=BLACK, coord=6f, depth=0)
                return negamax() (coord=6f, score=2)
        return negamax() (coord=6e, score=-2)
return negamax() (coord=3c, score=-1)
call negamax() (mode=BLACK, coord=3e, depth=2)
        call negamax() (mode=WHITE, coord=2f, depth=1)
                call negamax() (mode=BLACK, coord=2c, depth=0)
                return negamax() (coord=2c, score=0)
                call negamax() (mode=BLACK, coord=2e, depth=0)
                return negamax() (coord=2e, score=0)
                call negamax() (mode=BLACK, coord=3c, depth=0)
                return negamax() (coord=3c, score=3)
                call negamax() (mode=BLACK, coord=4c, depth=0)
                return negamax() (coord=4c, score=2)
                call negamax() (mode=BLACK, coord=5c, depth=0)
                return negamax() (coord=5c, score=2)
                call negamax() (mode=BLACK, coord=6c, depth=0)
                return negamax() (coord=6c, score=3)
        return negamax() (coord=2f, score=-3)
        call negamax() (mode=WHITE, coord=3f, depth=1)
                call negamax() (mode=BLACK, coord=2e, depth=0)
                return negamax() (coord=2e, score=-3)
                call negamax() (mode=BLACK, coord=3c, depth=0)
                return negamax() (coord=3c, score=2)
                call negamax() (mode=BLACK, coord=5c, depth=0)
                return negamax() (coord=5c, score=1)
        return negamax() (coord=3f, score=-2)
        call negamax() (mode=WHITE, coord=4f, depth=1)
                call negamax() (mode=BLACK, coord=3c, depth=0)
                return negamax() (coord=3c, score=-1)
                call negamax() (mode=BLACK, coord=3g, depth=0)
                return negamax() (coord=3g, score=-2)
                call negamax() (mode=BLACK, coord=5c, depth=0)
                return negamax() (coord=5c, score=-2)
                call negamax() (mode=BLACK, coord=5g, depth=0)
                return negamax() (coord=5g, score=-2)
        return negamax() (coord=4f, score=1)
        call negamax() (mode=WHITE, coord=5f, depth=1)
                call negamax() (mode=BLACK, coord=3c, depth=0)
                return negamax() (coord=3c, score=3)
                call negamax() (mode=BLACK, coord=5c, depth=0)
                return negamax() (coord=5c, score=2)
                call negamax() (mode=BLACK, coord=6e, depth=0)
                return negamax() (coord=6e, score=0)
        return negamax() (coord=5f, score=-3)
        call negamax() (mode=WHITE, coord=6f, depth=1)
                call negamax() (mode=BLACK, coord=2c, depth=0)
                return negamax() (coord=2c, score=-3)
                call negamax() (mode=BLACK, coord=3c, depth=0)
                return negamax() (coord=3c, score=0)
                call negamax() (mode=BLACK, coord=4c, depth=0)
                return negamax() (coord=4c, score=-1)
                call negamax() (mode=BLACK, coord=5c, depth=0)
                return negamax() (coord=5c, score=-1)
                call negamax() (mode=BLACK, coord=6c, depth=0)
                return negamax() (coord=6c, score=0)
                call negamax() (mode=BLACK, coord=6e, depth=0)
                return negamax() (coord=6e, score=-1)
        return negamax() (coord=6f, score=0)
return negamax() (coord=3e, score=-1)
call negamax() (mode=BLACK, coord=5c, depth=2)
        call negamax() (mode=WHITE, coord=6b, depth=1)
                call negamax() (mode=BLACK, coord=2d, depth=0)
                return negamax() (coord=2d, score=-2)
                call negamax() (mode=BLACK, coord=3c, depth=0)
                return negamax() (coord=3c, score=3)
                call negamax() (mode=BLACK, coord=3e, depth=0)
                return negamax() (coord=3e, score=2)
                call negamax() (mode=BLACK, coord=3f, depth=0)
                return negamax() (coord=3f, score=3)
                call negamax() (mode=BLACK, coord=5b, depth=0)
                return negamax() (coord=5b, score=0)
        return negamax() (coord=6b, score=-3)
        call negamax() (mode=WHITE, coord=6c, depth=1)
                call negamax() (mode=BLACK, coord=3c, depth=0)
                return negamax() (coord=3c, score=0)
                call negamax() (mode=BLACK, coord=3e, depth=0)
                return negamax() (coord=3e, score=-3)
                call negamax() (mode=BLACK, coord=7c, depth=0)
                return negamax() (coord=7c, score=-1)
        return negamax() (coord=6c, score=0)
        call negamax() (mode=WHITE, coord=6d, depth=1)
                call negamax() (mode=BLACK, coord=3c, depth=0)
                return negamax() (coord=3c, score=1)
                call negamax() (mode=BLACK, coord=3e, depth=0)
                return negamax() (coord=3e, score=-2)
                call negamax() (mode=BLACK, coord=7c, depth=0)
                return negamax() (coord=7c, score=-2)
                call negamax() (mode=BLACK, coord=7e, depth=0)
                return negamax() (coord=7e, score=-2)
        return negamax() (coord=6d, score=-1)
        call negamax() (mode=WHITE, coord=6e, depth=1)
                call negamax() (mode=BLACK, coord=2d, depth=0)
                return negamax() (coord=2d, score=-4)
                call negamax() (mode=BLACK, coord=3e, depth=0)
                return negamax() (coord=3e, score=0)
                call negamax() (mode=BLACK, coord=3f, depth=0)
                return negamax() (coord=3f, score=1)
                call negamax() (mode=BLACK, coord=5f, depth=0)
                return negamax() (coord=5f, score=0)
                call negamax() (mode=BLACK, coord=7f, depth=0)
                return negamax() (coord=7f, score=-2)
        return negamax() (coord=6e, score=-1)
        call negamax() (mode=WHITE, coord=6f, depth=1)
                call negamax() (mode=BLACK, coord=2d, depth=0)
                return negamax() (coord=2d, score=-5)
                call negamax() (mode=BLACK, coord=3e, depth=0)
                return negamax() (coord=3e, score=-1)
                call negamax() (mode=BLACK, coord=3f, depth=0)
                return negamax() (coord=3f, score=0)
                call negamax() (mode=BLACK, coord=5f, depth=0)
                return negamax() (coord=5f, score=-1)
        return negamax() (coord=6f, score=0)
return negamax() (coord=5c, score=0)
suggested: 5c